Hmm ... looks like a package

This is pdfTeX, Version 3.1415926-2.5-1.40.14 (TeX Live 2013/Debian)
 restricted \write18 enabled.
entering extended mode
LaTeX2e <2011/06/27>
Babel <3.9h> and hyphenation patterns for 8 languages loaded.
(./Rd2.tex
(/usr/share/texlive/texmf-dist/tex/latex/base/book.cls
Document Class: book 2007/10/19 v1.4h Standard LaTeX document class
(/usr/share/texlive/texmf-dist/tex/latex/base/bk10.clo))
(/usr/share/R/share/texmf/tex/latex/Rd.sty
(/usr/share/texlive/texmf-dist/tex/latex/base/ifthen.sty)
(/usr/share/texlive/texmf-dist/tex/latex/tools/longtable.sty)
(/usr/share/texlive/texmf-dist/tex/latex/tools/bm.sty)
(/usr/share/texlive/texmf-dist/tex/latex/base/alltt.sty)
(/usr/share/texlive/texmf-dist/tex/latex/tools/verbatim.sty)
(/usr/share/texlive/texmf-dist/tex/latex/url/url.sty)
(/usr/share/texlive/texmf-dist/tex/latex/base/textcomp.sty
(/usr/share/texlive/texmf-dist/tex/latex/base/ts1enc.def))
(/usr/share/texlive/texmf-dist/tex/latex/base/fontenc.sty
(/usr/share/texlive/texmf-dist/tex/latex/base/t1enc.def))
(/usr/share/texlive/texmf-dist/tex/latex/psnfss/times.sty)
(/usr/share/texlive/texmf-dist/tex/latex/inconsolata/zi4.sty
(/usr/share/texlive/texmf-dist/tex/latex/graphics/keyval.sty))
(/usr/share/texlive/texmf-dist/tex/latex/graphics/color.sty
(/etc/texmf/tex/latex/config/color.cfg)
(/usr/share/texlive/texmf-dist/tex/latex/pdftex-def/pdftex.def
(/usr/share/texlive/texmf-dist/tex/generic/oberdiek/infwarerr.sty)
(/usr/share/texlive/texmf-dist/tex/generic/oberdiek/ltxcmds.sty)))
(/usr/share/texlive/texmf-dist/tex/latex/hyperref/hyperref.sty
(/usr/share/texlive/texmf-dist/tex/generic/oberdiek/hobsub-hyperref.sty
(/usr/share/texlive/texmf-dist/tex/generic/oberdiek/hobsub-generic.sty))
(/usr/share/texlive/texmf-dist/tex/generic/ifxetex/ifxetex.sty)
(/usr/share/texlive/texmf-dist/tex/latex/oberdiek/auxhook.sty)
(/usr/share/texlive/texmf-dist/tex/latex/oberdiek/kvoptions.sty)
(/usr/share/texlive/texmf-dist/tex/latex/hyperref/pd1enc.def)
(/usr/share/texlive/texmf-dist/tex/latex/latexconfig/hyperref.cfg))

Package hyperref Message: Driver (autodetected): hpdftex.

(/usr/share/texlive/texmf-dist/tex/latex/hyperref/hpdftex.def
(/usr/share/texlive/texmf-dist/tex/latex/oberdiek/rerunfilecheck.sty))

Package hyperref Warning: Option `hyperindex' has already been used,
(hyperref)                setting the option has no effect on input line 366.


Package hyperref Warning: Option `pagebackref' has already been used,
(hyperref)                setting the option has no effect on input line 366.

) (/usr/share/texlive/texmf-dist/tex/latex/base/makeidx.sty)
(/usr/share/texlive/texmf-dist/tex/latex/base/inputenc.sty
(/usr/share/texlive/texmf-dist/tex/latex/base/utf8.def
(/usr/share/texlive/texmf-dist/tex/latex/base/t1enc.dfu)
(/usr/share/texlive/texmf-dist/tex/latex/base/ot1enc.dfu)
(/usr/share/texlive/texmf-dist/tex/latex/base/omsenc.dfu)
(/usr/share/texlive/texmf-dist/tex/latex/base/ts1enc.dfu))
(/usr/share/texlive/texmf-dist/tex/latex/base/latin1.def))
Writing index file Rd2.idx
No file Rd2.aux.
(/usr/share/texlive/texmf-dist/tex/latex/base/ts1cmr.fd)
(/usr/share/texlive/texmf-dist/tex/latex/psnfss/t1ptm.fd)
(/usr/share/texlive/texmf-dist/tex/context/base/supp-pdf.mkii
[Loading MPS to PDF converter (version 2006.09.02).]
) (/usr/share/texlive/texmf-dist/tex/latex/hyperref/nameref.sty
(/usr/share/texlive/texmf-dist/tex/generic/oberdiek/gettitlestring.sty))
(/usr/share/texlive/texmf-dist/tex/latex/inconsolata/t1zi4.fd)
(/usr/share/texlive/texmf-dist/tex/latex/psnfss/t1phv.fd)
(/usr/share/texlive/texmf-dist/tex/latex/base/utf8.def) [1{/var/lib/texmf/fonts
/map/pdftex/updmap/pdftex.map}] [2]
(/usr/share/texlive/texmf-dist/tex/latex/base/utf8.def)
Overfull \hbox (4.6478pt too wide) in paragraph at lines 104--105
[]\T1/zi4/m/n/10 Kmax\T1/ptm/m/n/10 -dimensional vec-tor (pos-i-tive) cor-re-sp
ond-ing to the pa-ram-e-ters of the Dirich-
[3] (/usr/share/texlive/texmf-dist/tex/latex/base/utf8.def) [4]
Overfull \hbox (30.78088pt too wide) in paragraph at lines 193--193
 []\T1/zi4/m/n/10 collapsedGibbsBinMix(alpha, beta, gamma, K, m, burn, data, th
inning, z.true, outputDir)[] 
(/usr/share/texlive/texmf-dist/tex/latex/base/utf8.def) [5]
(/usr/share/texlive/texmf-dist/tex/latex/base/utf8.def) [6]
Overfull \hbox (4.6478pt too wide) in paragraph at lines 319--320
[]\T1/zi4/m/n/10 Kmax\T1/ptm/m/n/10 -dimensional vec-tor (pos-i-tive) cor-re-sp
ond-ing to the pa-ram-e-ters of the Dirich-
[7] [8]
Overfull \hbox (27.78098pt too wide) in paragraph at lines 419--419
 []\T1/zi4/m/n/9 theta.true <- array(data = NA, dim = c(K,d))  #true probabilit
y of positive responses per cluster[] 
(/usr/share/texlive/texmf-dist/tex/latex/inconsolata/ts1zi4.fd)
Overfull \hbox (11.581pt too wide) in paragraph at lines 436--436
 []\T1/zi4/m/n/9 # it is also advised to use z.true = z.true in order to direct
ly compare with the true values.[] 

Overfull \hbox (7.98099pt too wide) in paragraph at lines 437--437
 []\T1/zi4/m/n/9 # in general it is advised to use at least 4 chains with heats
 <- seq(1,0.3,length = nChains)[] 
(/usr/share/texlive/texmf-dist/tex/latex/base/utf8.def) [9]
(/usr/share/texlive/texmf-dist/tex/latex/base/utf8.def) [10]
(/usr/share/texlive/texmf-dist/tex/latex/base/utf8.def) [11]
Overfull \hbox (4.6478pt too wide) in paragraph at lines 559--560
[]\T1/zi4/m/n/10 Kmax\T1/ptm/m/n/10 -dimensional vec-tor (pos-i-tive) cor-re-sp
ond-ing to the pa-ram-e-ters of the Dirich-
(/usr/share/texlive/texmf-dist/tex/latex/base/utf8.def)
(/usr/share/texlive/texmf-dist/tex/latex/base/utf8.def) [12]
No file Rd2.ind.
[13] (./Rd2.aux)

Package rerunfilecheck Warning: File `Rd2.out' has changed.
(rerunfilecheck)                Rerun to get outlines right
(rerunfilecheck)                or use package `bookmark'.

 )
(see the transcript file for additional information){/usr/share/texlive/texmf-d
ist/fonts/enc/dvips/inconsolata/i4-ts1.enc}{/usr/share/texlive/texmf-dist/fonts
/enc/dvips/base/8r.enc}{/usr/share/texlive/texmf-dist/fonts/enc/dvips/inconsola
ta/i4-t1-0.enc}</usr/share/texlive/texmf-dist/fonts/type1/public/inconsolata/In
consolata-zi4r.pfb></usr/share/texlive/texmf-dist/fonts/type1/public/amsfonts/c
m/cmex10.pfb></usr/share/texlive/texmf-dist/fonts/type1/public/amsfonts/cm/cmmi
10.pfb></usr/share/texlive/texmf-dist/fonts/type1/public/amsfonts/cm/cmmi7.pfb>
</usr/share/texlive/texmf-dist/fonts/type1/public/amsfonts/cm/cmr10.pfb></usr/s
hare/texlive/texmf-dist/fonts/type1/public/amsfonts/cm/cmr7.pfb></usr/share/tex
live/texmf-dist/fonts/type1/public/amsfonts/cm/cmsy10.pfb></usr/share/texlive/t
exmf-dist/fonts/type1/urw/helvetic/uhvr8a.pfb></usr/share/texlive/texmf-dist/fo
nts/type1/urw/times/utmb8a.pfb></usr/share/texlive/texmf-dist/fonts/type1/urw/t
imes/utmr8a.pfb></usr/share/texlive/texmf-dist/fonts/type1/urw/times/utmr8a.pfb
></usr/share/texlive/texmf-dist/fonts/type1/urw/times/utmri8a.pfb>
Output written on Rd2.pdf (13 pages, 172049 bytes).
Transcript written on Rd2.log.
This is makeindex, version 2.15 [TeX Live 2013] (kpathsea + Thai support).
Scanning input file Rd2.idx....done (18 entries accepted, 0 rejected).
Sorting entries....done (74 comparisons).
Generating output file Rd2.ind....done (44 lines written, 0 warnings).
Output written in Rd2.ind.
Transcript written in Rd2.ilg.
This is pdfTeX, Version 3.1415926-2.5-1.40.14 (TeX Live 2013/Debian)
 restricted \write18 enabled.
entering extended mode
LaTeX2e <2011/06/27>
Babel <3.9h> and hyphenation patterns for 8 languages loaded.
(./Rd2.tex
(/usr/share/texlive/texmf-dist/tex/latex/base/book.cls
Document Class: book 2007/10/19 v1.4h Standard LaTeX document class
(/usr/share/texlive/texmf-dist/tex/latex/base/bk10.clo))
(/usr/share/R/share/texmf/tex/latex/Rd.sty
(/usr/share/texlive/texmf-dist/tex/latex/base/ifthen.sty)
(/usr/share/texlive/texmf-dist/tex/latex/tools/longtable.sty)
(/usr/share/texlive/texmf-dist/tex/latex/tools/bm.sty)
(/usr/share/texlive/texmf-dist/tex/latex/base/alltt.sty)
(/usr/share/texlive/texmf-dist/tex/latex/tools/verbatim.sty)
(/usr/share/texlive/texmf-dist/tex/latex/url/url.sty)
(/usr/share/texlive/texmf-dist/tex/latex/base/textcomp.sty
(/usr/share/texlive/texmf-dist/tex/latex/base/ts1enc.def))
(/usr/share/texlive/texmf-dist/tex/latex/base/fontenc.sty
(/usr/share/texlive/texmf-dist/tex/latex/base/t1enc.def))
(/usr/share/texlive/texmf-dist/tex/latex/psnfss/times.sty)
(/usr/share/texlive/texmf-dist/tex/latex/inconsolata/zi4.sty
(/usr/share/texlive/texmf-dist/tex/latex/graphics/keyval.sty))
(/usr/share/texlive/texmf-dist/tex/latex/graphics/color.sty
(/etc/texmf/tex/latex/config/color.cfg)
(/usr/share/texlive/texmf-dist/tex/latex/pdftex-def/pdftex.def
(/usr/share/texlive/texmf-dist/tex/generic/oberdiek/infwarerr.sty)
(/usr/share/texlive/texmf-dist/tex/generic/oberdiek/ltxcmds.sty)))
(/usr/share/texlive/texmf-dist/tex/latex/hyperref/hyperref.sty
(/usr/share/texlive/texmf-dist/tex/generic/oberdiek/hobsub-hyperref.sty
(/usr/share/texlive/texmf-dist/tex/generic/oberdiek/hobsub-generic.sty))
(/usr/share/texlive/texmf-dist/tex/generic/ifxetex/ifxetex.sty)
(/usr/share/texlive/texmf-dist/tex/latex/oberdiek/auxhook.sty)
(/usr/share/texlive/texmf-dist/tex/latex/oberdiek/kvoptions.sty)
(/usr/share/texlive/texmf-dist/tex/latex/hyperref/pd1enc.def)
(/usr/share/texlive/texmf-dist/tex/latex/latexconfig/hyperref.cfg))

Package hyperref Message: Driver (autodetected): hpdftex.

(/usr/share/texlive/texmf-dist/tex/latex/hyperref/hpdftex.def
(/usr/share/texlive/texmf-dist/tex/latex/oberdiek/rerunfilecheck.sty))

Package hyperref Warning: Option `hyperindex' has already been used,
(hyperref)                setting the option has no effect on input line 366.


Package hyperref Warning: Option `pagebackref' has already been used,
(hyperref)                setting the option has no effect on input line 366.

) (/usr/share/texlive/texmf-dist/tex/latex/base/makeidx.sty)
(/usr/share/texlive/texmf-dist/tex/latex/base/inputenc.sty
(/usr/share/texlive/texmf-dist/tex/latex/base/utf8.def
(/usr/share/texlive/texmf-dist/tex/latex/base/t1enc.dfu)
(/usr/share/texlive/texmf-dist/tex/latex/base/ot1enc.dfu)
(/usr/share/texlive/texmf-dist/tex/latex/base/omsenc.dfu)
(/usr/share/texlive/texmf-dist/tex/latex/base/ts1enc.dfu))
(/usr/share/texlive/texmf-dist/tex/latex/base/latin1.def))
Writing index file Rd2.idx
(./Rd2.aux) (/usr/share/texlive/texmf-dist/tex/latex/base/ts1cmr.fd)
(/usr/share/texlive/texmf-dist/tex/latex/psnfss/t1ptm.fd)
(/usr/share/texlive/texmf-dist/tex/context/base/supp-pdf.mkii
[Loading MPS to PDF converter (version 2006.09.02).]
) (/usr/share/texlive/texmf-dist/tex/latex/hyperref/nameref.sty
(/usr/share/texlive/texmf-dist/tex/generic/oberdiek/gettitlestring.sty))
(./Rd2.out) (./Rd2.out)
(/usr/share/texlive/texmf-dist/tex/latex/inconsolata/t1zi4.fd)
(/usr/share/texlive/texmf-dist/tex/latex/psnfss/t1phv.fd) (./Rd2.toc)
(/usr/share/texlive/texmf-dist/tex/latex/base/utf8.def) [1{/var/lib/texmf/fonts
/map/pdftex/updmap/pdftex.map}] [2]
(/usr/share/texlive/texmf-dist/tex/latex/base/utf8.def)
Overfull \hbox (4.6478pt too wide) in paragraph at lines 104--105
[]\T1/zi4/m/n/10 Kmax\T1/ptm/m/n/10 -dimensional vec-tor (pos-i-tive) cor-re-sp
ond-ing to the pa-ram-e-ters of the Dirich-
[3] [4] (/usr/share/texlive/texmf-dist/tex/latex/base/utf8.def)
Overfull \hbox (30.78088pt too wide) in paragraph at lines 193--193
 []\T1/zi4/m/n/10 collapsedGibbsBinMix(alpha, beta, gamma, K, m, burn, data, th
inning, z.true, outputDir)[] 
[5] (/usr/share/texlive/texmf-dist/tex/latex/base/utf8.def)
(/usr/share/texlive/texmf-dist/tex/latex/base/utf8.def) [6]
Overfull \hbox (4.6478pt too wide) in paragraph at lines 319--320
[]\T1/zi4/m/n/10 Kmax\T1/ptm/m/n/10 -dimensional vec-tor (pos-i-tive) cor-re-sp
ond-ing to the pa-ram-e-ters of the Dirich-
[7] [8]
Overfull \hbox (27.78098pt too wide) in paragraph at lines 419--419
 []\T1/zi4/m/n/9 theta.true <- array(data = NA, dim = c(K,d))  #true probabilit
y of positive responses per cluster[] 
(/usr/share/texlive/texmf-dist/tex/latex/inconsolata/ts1zi4.fd)
Overfull \hbox (11.581pt too wide) in paragraph at lines 436--436
 []\T1/zi4/m/n/9 # it is also advised to use z.true = z.true in order to direct
ly compare with the true values.[] 

Overfull \hbox (7.98099pt too wide) in paragraph at lines 437--437
 []\T1/zi4/m/n/9 # in general it is advised to use at least 4 chains with heats
 <- seq(1,0.3,length = nChains)[] 
[9] (/usr/share/texlive/texmf-dist/tex/latex/base/utf8.def)
(/usr/share/texlive/texmf-dist/tex/latex/base/utf8.def) [10]
(/usr/share/texlive/texmf-dist/tex/latex/base/utf8.def) [11]
Overfull \hbox (4.6478pt too wide) in paragraph at lines 559--560
[]\T1/zi4/m/n/10 Kmax\T1/ptm/m/n/10 -dimensional vec-tor (pos-i-tive) cor-re-sp
ond-ing to the pa-ram-e-ters of the Dirich-
(/usr/share/texlive/texmf-dist/tex/latex/base/utf8.def) [12]
(/usr/share/texlive/texmf-dist/tex/latex/base/utf8.def) (./Rd2.ind [13]

LaTeX Font Warning: Font shape `T1/zi4/m/it' undefined
(Font)              using `T1/zi4/m/n' instead on input line 16.

[14]) (./Rd2.aux)

Package rerunfilecheck Warning: File `Rd2.out' has changed.
(rerunfilecheck)                Rerun to get outlines right
(rerunfilecheck)                or use package `bookmark'.


LaTeX Font Warning: Some font shapes were not available, defaults substituted.

 )
(see the transcript file for additional information){/usr/share/texlive/texmf-d
ist/fonts/enc/dvips/inconsolata/i4-ts1.enc}{/usr/share/texlive/texmf-dist/fonts
/enc/dvips/base/8r.enc}{/usr/share/texlive/texmf-dist/fonts/enc/dvips/inconsola
ta/i4-t1-0.enc}</usr/share/texlive/texmf-dist/fonts/type1/public/inconsolata/In
consolata-zi4r.pfb></usr/share/texlive/texmf-dist/fonts/type1/public/amsfonts/c
m/cmex10.pfb></usr/share/texlive/texmf-dist/fonts/type1/public/amsfonts/cm/cmmi
10.pfb></usr/share/texlive/texmf-dist/fonts/type1/public/amsfonts/cm/cmmi7.pfb>
</usr/share/texlive/texmf-dist/fonts/type1/public/amsfonts/cm/cmr10.pfb></usr/s
hare/texlive/texmf-dist/fonts/type1/public/amsfonts/cm/cmr7.pfb></usr/share/tex
live/texmf-dist/fonts/type1/public/amsfonts/cm/cmsy10.pfb></usr/share/texlive/t
exmf-dist/fonts/type1/urw/helvetic/uhvr8a.pfb></usr/share/texlive/texmf-dist/fo
nts/type1/urw/times/utmb8a.pfb></usr/share/texlive/texmf-dist/fonts/type1/urw/t
imes/utmr8a.pfb></usr/share/texlive/texmf-dist/fonts/type1/urw/times/utmr8a.pfb
></usr/share/texlive/texmf-dist/fonts/type1/urw/times/utmri8a.pfb>
Output written on Rd2.pdf (14 pages, 182749 bytes).
Transcript written on Rd2.log.
This is makeindex, version 2.15 [TeX Live 2013] (kpathsea + Thai support).
Scanning input file Rd2.idx....done (18 entries accepted, 0 rejected).
Sorting entries....done (74 comparisons).
Generating output file Rd2.ind....done (44 lines written, 0 warnings).
Output written in Rd2.ind.
Transcript written in Rd2.ilg.
This is pdfTeX, Version 3.1415926-2.5-1.40.14 (TeX Live 2013/Debian)
 restricted \write18 enabled.
entering extended mode
LaTeX2e <2011/06/27>
Babel <3.9h> and hyphenation patterns for 8 languages loaded.
(./Rd2.tex
(/usr/share/texlive/texmf-dist/tex/latex/base/book.cls
Document Class: book 2007/10/19 v1.4h Standard LaTeX document class
(/usr/share/texlive/texmf-dist/tex/latex/base/bk10.clo))
(/usr/share/R/share/texmf/tex/latex/Rd.sty
(/usr/share/texlive/texmf-dist/tex/latex/base/ifthen.sty)
(/usr/share/texlive/texmf-dist/tex/latex/tools/longtable.sty)
(/usr/share/texlive/texmf-dist/tex/latex/tools/bm.sty)
(/usr/share/texlive/texmf-dist/tex/latex/base/alltt.sty)
(/usr/share/texlive/texmf-dist/tex/latex/tools/verbatim.sty)
(/usr/share/texlive/texmf-dist/tex/latex/url/url.sty)
(/usr/share/texlive/texmf-dist/tex/latex/base/textcomp.sty
(/usr/share/texlive/texmf-dist/tex/latex/base/ts1enc.def))
(/usr/share/texlive/texmf-dist/tex/latex/base/fontenc.sty
(/usr/share/texlive/texmf-dist/tex/latex/base/t1enc.def))
(/usr/share/texlive/texmf-dist/tex/latex/psnfss/times.sty)
(/usr/share/texlive/texmf-dist/tex/latex/inconsolata/zi4.sty
(/usr/share/texlive/texmf-dist/tex/latex/graphics/keyval.sty))
(/usr/share/texlive/texmf-dist/tex/latex/graphics/color.sty
(/etc/texmf/tex/latex/config/color.cfg)
(/usr/share/texlive/texmf-dist/tex/latex/pdftex-def/pdftex.def
(/usr/share/texlive/texmf-dist/tex/generic/oberdiek/infwarerr.sty)
(/usr/share/texlive/texmf-dist/tex/generic/oberdiek/ltxcmds.sty)))
(/usr/share/texlive/texmf-dist/tex/latex/hyperref/hyperref.sty
(/usr/share/texlive/texmf-dist/tex/generic/oberdiek/hobsub-hyperref.sty
(/usr/share/texlive/texmf-dist/tex/generic/oberdiek/hobsub-generic.sty))
(/usr/share/texlive/texmf-dist/tex/generic/ifxetex/ifxetex.sty)
(/usr/share/texlive/texmf-dist/tex/latex/oberdiek/auxhook.sty)
(/usr/share/texlive/texmf-dist/tex/latex/oberdiek/kvoptions.sty)
(/usr/share/texlive/texmf-dist/tex/latex/hyperref/pd1enc.def)
(/usr/share/texlive/texmf-dist/tex/latex/latexconfig/hyperref.cfg))

Package hyperref Message: Driver (autodetected): hpdftex.

(/usr/share/texlive/texmf-dist/tex/latex/hyperref/hpdftex.def
(/usr/share/texlive/texmf-dist/tex/latex/oberdiek/rerunfilecheck.sty))

Package hyperref Warning: Option `hyperindex' has already been used,
(hyperref)                setting the option has no effect on input line 366.


Package hyperref Warning: Option `pagebackref' has already been used,
(hyperref)                setting the option has no effect on input line 366.

) (/usr/share/texlive/texmf-dist/tex/latex/base/makeidx.sty)
(/usr/share/texlive/texmf-dist/tex/latex/base/inputenc.sty
(/usr/share/texlive/texmf-dist/tex/latex/base/utf8.def
(/usr/share/texlive/texmf-dist/tex/latex/base/t1enc.dfu)
(/usr/share/texlive/texmf-dist/tex/latex/base/ot1enc.dfu)
(/usr/share/texlive/texmf-dist/tex/latex/base/omsenc.dfu)
(/usr/share/texlive/texmf-dist/tex/latex/base/ts1enc.dfu))
(/usr/share/texlive/texmf-dist/tex/latex/base/latin1.def))
Writing index file Rd2.idx
(./Rd2.aux) (/usr/share/texlive/texmf-dist/tex/latex/base/ts1cmr.fd)
(/usr/share/texlive/texmf-dist/tex/latex/psnfss/t1ptm.fd)
(/usr/share/texlive/texmf-dist/tex/context/base/supp-pdf.mkii
[Loading MPS to PDF converter (version 2006.09.02).]
) (/usr/share/texlive/texmf-dist/tex/latex/hyperref/nameref.sty
(/usr/share/texlive/texmf-dist/tex/generic/oberdiek/gettitlestring.sty))
(./Rd2.out) (./Rd2.out)
(/usr/share/texlive/texmf-dist/tex/latex/inconsolata/t1zi4.fd)
(/usr/share/texlive/texmf-dist/tex/latex/psnfss/t1phv.fd) (./Rd2.toc)
(/usr/share/texlive/texmf-dist/tex/latex/base/utf8.def) [1{/var/lib/texmf/fonts
/map/pdftex/updmap/pdftex.map}] [2]
(/usr/share/texlive/texmf-dist/tex/latex/base/utf8.def)
Overfull \hbox (4.6478pt too wide) in paragraph at lines 104--105
[]\T1/zi4/m/n/10 Kmax\T1/ptm/m/n/10 -dimensional vec-tor (pos-i-tive) cor-re-sp
ond-ing to the pa-ram-e-ters of the Dirich-
[3] [4] (/usr/share/texlive/texmf-dist/tex/latex/base/utf8.def)
Overfull \hbox (30.78088pt too wide) in paragraph at lines 193--193
 []\T1/zi4/m/n/10 collapsedGibbsBinMix(alpha, beta, gamma, K, m, burn, data, th
inning, z.true, outputDir)[] 
[5] (/usr/share/texlive/texmf-dist/tex/latex/base/utf8.def)
(/usr/share/texlive/texmf-dist/tex/latex/base/utf8.def) [6]
Overfull \hbox (4.6478pt too wide) in paragraph at lines 319--320
[]\T1/zi4/m/n/10 Kmax\T1/ptm/m/n/10 -dimensional vec-tor (pos-i-tive) cor-re-sp
ond-ing to the pa-ram-e-ters of the Dirich-
[7] [8]
Overfull \hbox (27.78098pt too wide) in paragraph at lines 419--419
 []\T1/zi4/m/n/9 theta.true <- array(data = NA, dim = c(K,d))  #true probabilit
y of positive responses per cluster[] 
(/usr/share/texlive/texmf-dist/tex/latex/inconsolata/ts1zi4.fd)
Overfull \hbox (11.581pt too wide) in paragraph at lines 436--436
 []\T1/zi4/m/n/9 # it is also advised to use z.true = z.true in order to direct
ly compare with the true values.[] 

Overfull \hbox (7.98099pt too wide) in paragraph at lines 437--437
 []\T1/zi4/m/n/9 # in general it is advised to use at least 4 chains with heats
 <- seq(1,0.3,length = nChains)[] 
[9] (/usr/share/texlive/texmf-dist/tex/latex/base/utf8.def)
(/usr/share/texlive/texmf-dist/tex/latex/base/utf8.def) [10]
(/usr/share/texlive/texmf-dist/tex/latex/base/utf8.def) [11]
Overfull \hbox (4.6478pt too wide) in paragraph at lines 559--560
[]\T1/zi4/m/n/10 Kmax\T1/ptm/m/n/10 -dimensional vec-tor (pos-i-tive) cor-re-sp
ond-ing to the pa-ram-e-ters of the Dirich-
(/usr/share/texlive/texmf-dist/tex/latex/base/utf8.def) [12]
(/usr/share/texlive/texmf-dist/tex/latex/base/utf8.def) (./Rd2.ind [13]

LaTeX Font Warning: Font shape `T1/zi4/m/it' undefined
(Font)              using `T1/zi4/m/n' instead on input line 16.

[14]) (./Rd2.aux)

LaTeX Font Warning: Some font shapes were not available, defaults substituted.

 )
(see the transcript file for additional information){/usr/share/texlive/texmf-d
ist/fonts/enc/dvips/inconsolata/i4-ts1.enc}{/usr/share/texlive/texmf-dist/fonts
/enc/dvips/base/8r.enc}{/usr/share/texlive/texmf-dist/fonts/enc/dvips/inconsola
ta/i4-t1-0.enc}</usr/share/texlive/texmf-dist/fonts/type1/public/inconsolata/In
consolata-zi4r.pfb></usr/share/texlive/texmf-dist/fonts/type1/public/amsfonts/c
m/cmex10.pfb></usr/share/texlive/texmf-dist/fonts/type1/public/amsfonts/cm/cmmi
10.pfb></usr/share/texlive/texmf-dist/fonts/type1/public/amsfonts/cm/cmmi7.pfb>
</usr/share/texlive/texmf-dist/fonts/type1/public/amsfonts/cm/cmr10.pfb></usr/s
hare/texlive/texmf-dist/fonts/type1/public/amsfonts/cm/cmr7.pfb></usr/share/tex
live/texmf-dist/fonts/type1/public/amsfonts/cm/cmsy10.pfb></usr/share/texlive/t
exmf-dist/fonts/type1/urw/helvetic/uhvr8a.pfb></usr/share/texlive/texmf-dist/fo
nts/type1/urw/times/utmb8a.pfb></usr/share/texlive/texmf-dist/fonts/type1/urw/t
imes/utmr8a.pfb></usr/share/texlive/texmf-dist/fonts/type1/urw/times/utmr8a.pfb
></usr/share/texlive/texmf-dist/fonts/type1/urw/times/utmri8a.pfb>
Output written on Rd2.pdf (14 pages, 182853 bytes).
Transcript written on Rd2.log.
This is makeindex, version 2.15 [TeX Live 2013] (kpathsea + Thai support).
Scanning input file Rd2.idx....done (18 entries accepted, 0 rejected).
Sorting entries....done (74 comparisons).
Generating output file Rd2.ind....done (44 lines written, 0 warnings).
Output written in Rd2.ind.
Transcript written in Rd2.ilg.
This is pdfTeX, Version 3.1415926-2.5-1.40.14 (TeX Live 2013/Debian)
 restricted \write18 enabled.
entering extended mode
LaTeX2e <2011/06/27>
Babel <3.9h> and hyphenation patterns for 8 languages loaded.
(./Rd2.tex
(/usr/share/texlive/texmf-dist/tex/latex/base/book.cls
Document Class: book 2007/10/19 v1.4h Standard LaTeX document class
(/usr/share/texlive/texmf-dist/tex/latex/base/bk10.clo))
(/usr/share/R/share/texmf/tex/latex/Rd.sty
(/usr/share/texlive/texmf-dist/tex/latex/base/ifthen.sty)
(/usr/share/texlive/texmf-dist/tex/latex/tools/longtable.sty)
(/usr/share/texlive/texmf-dist/tex/latex/tools/bm.sty)
(/usr/share/texlive/texmf-dist/tex/latex/base/alltt.sty)
(/usr/share/texlive/texmf-dist/tex/latex/tools/verbatim.sty)
(/usr/share/texlive/texmf-dist/tex/latex/url/url.sty)
(/usr/share/texlive/texmf-dist/tex/latex/base/textcomp.sty
(/usr/share/texlive/texmf-dist/tex/latex/base/ts1enc.def))
(/usr/share/texlive/texmf-dist/tex/latex/base/fontenc.sty
(/usr/share/texlive/texmf-dist/tex/latex/base/t1enc.def))
(/usr/share/texlive/texmf-dist/tex/latex/psnfss/times.sty)
(/usr/share/texlive/texmf-dist/tex/latex/inconsolata/zi4.sty
(/usr/share/texlive/texmf-dist/tex/latex/graphics/keyval.sty))
(/usr/share/texlive/texmf-dist/tex/latex/graphics/color.sty
(/etc/texmf/tex/latex/config/color.cfg)
(/usr/share/texlive/texmf-dist/tex/latex/pdftex-def/pdftex.def
(/usr/share/texlive/texmf-dist/tex/generic/oberdiek/infwarerr.sty)
(/usr/share/texlive/texmf-dist/tex/generic/oberdiek/ltxcmds.sty)))
(/usr/share/texlive/texmf-dist/tex/latex/hyperref/hyperref.sty
(/usr/share/texlive/texmf-dist/tex/generic/oberdiek/hobsub-hyperref.sty
(/usr/share/texlive/texmf-dist/tex/generic/oberdiek/hobsub-generic.sty))
(/usr/share/texlive/texmf-dist/tex/generic/ifxetex/ifxetex.sty)
(/usr/share/texlive/texmf-dist/tex/latex/oberdiek/auxhook.sty)
(/usr/share/texlive/texmf-dist/tex/latex/oberdiek/kvoptions.sty)
(/usr/share/texlive/texmf-dist/tex/latex/hyperref/pd1enc.def)
(/usr/share/texlive/texmf-dist/tex/latex/latexconfig/hyperref.cfg))

Package hyperref Message: Driver (autodetected): hpdftex.

(/usr/share/texlive/texmf-dist/tex/latex/hyperref/hpdftex.def
(/usr/share/texlive/texmf-dist/tex/latex/oberdiek/rerunfilecheck.sty))

Package hyperref Warning: Option `hyperindex' has already been used,
(hyperref)                setting the option has no effect on input line 366.


Package hyperref Warning: Option `pagebackref' has already been used,
(hyperref)                setting the option has no effect on input line 366.

) (/usr/share/texlive/texmf-dist/tex/latex/base/makeidx.sty)
(/usr/share/texlive/texmf-dist/tex/latex/base/inputenc.sty
(/usr/share/texlive/texmf-dist/tex/latex/base/utf8.def
(/usr/share/texlive/texmf-dist/tex/latex/base/t1enc.dfu)
(/usr/share/texlive/texmf-dist/tex/latex/base/ot1enc.dfu)
(/usr/share/texlive/texmf-dist/tex/latex/base/omsenc.dfu)
(/usr/share/texlive/texmf-dist/tex/latex/base/ts1enc.dfu))
(/usr/share/texlive/texmf-dist/tex/latex/base/latin1.def))
Writing index file Rd2.idx
(./Rd2.aux) (/usr/share/texlive/texmf-dist/tex/latex/base/ts1cmr.fd)
(/usr/share/texlive/texmf-dist/tex/latex/psnfss/t1ptm.fd)
(/usr/share/texlive/texmf-dist/tex/context/base/supp-pdf.mkii
[Loading MPS to PDF converter (version 2006.09.02).]
) (/usr/share/texlive/texmf-dist/tex/latex/hyperref/nameref.sty
(/usr/share/texlive/texmf-dist/tex/generic/oberdiek/gettitlestring.sty))
(./Rd2.out) (./Rd2.out)
(/usr/share/texlive/texmf-dist/tex/latex/inconsolata/t1zi4.fd)
(/usr/share/texlive/texmf-dist/tex/latex/psnfss/t1phv.fd) (./Rd2.toc)
(/usr/share/texlive/texmf-dist/tex/latex/base/utf8.def) [1{/var/lib/texmf/fonts
/map/pdftex/updmap/pdftex.map}] [2]
(/usr/share/texlive/texmf-dist/tex/latex/base/utf8.def)
Overfull \hbox (4.6478pt too wide) in paragraph at lines 104--105
[]\T1/zi4/m/n/10 Kmax\T1/ptm/m/n/10 -dimensional vec-tor (pos-i-tive) cor-re-sp
ond-ing to the pa-ram-e-ters of the Dirich-
[3] [4] (/usr/share/texlive/texmf-dist/tex/latex/base/utf8.def)
Overfull \hbox (30.78088pt too wide) in paragraph at lines 193--193
 []\T1/zi4/m/n/10 collapsedGibbsBinMix(alpha, beta, gamma, K, m, burn, data, th
inning, z.true, outputDir)[] 
[5] (/usr/share/texlive/texmf-dist/tex/latex/base/utf8.def)
(/usr/share/texlive/texmf-dist/tex/latex/base/utf8.def) [6]
Overfull \hbox (4.6478pt too wide) in paragraph at lines 319--320
[]\T1/zi4/m/n/10 Kmax\T1/ptm/m/n/10 -dimensional vec-tor (pos-i-tive) cor-re-sp
ond-ing to the pa-ram-e-ters of the Dirich-
[7] [8]
Overfull \hbox (27.78098pt too wide) in paragraph at lines 419--419
 []\T1/zi4/m/n/9 theta.true <- array(data = NA, dim = c(K,d))  #true probabilit
y of positive responses per cluster[] 
(/usr/share/texlive/texmf-dist/tex/latex/inconsolata/ts1zi4.fd)
Overfull \hbox (11.581pt too wide) in paragraph at lines 436--436
 []\T1/zi4/m/n/9 # it is also advised to use z.true = z.true in order to direct
ly compare with the true values.[] 

Overfull \hbox (7.98099pt too wide) in paragraph at lines 437--437
 []\T1/zi4/m/n/9 # in general it is advised to use at least 4 chains with heats
 <- seq(1,0.3,length = nChains)[] 
[9] (/usr/share/texlive/texmf-dist/tex/latex/base/utf8.def)
(/usr/share/texlive/texmf-dist/tex/latex/base/utf8.def) [10]
(/usr/share/texlive/texmf-dist/tex/latex/base/utf8.def) [11]
Overfull \hbox (4.6478pt too wide) in paragraph at lines 559--560
[]\T1/zi4/m/n/10 Kmax\T1/ptm/m/n/10 -dimensional vec-tor (pos-i-tive) cor-re-sp
ond-ing to the pa-ram-e-ters of the Dirich-
(/usr/share/texlive/texmf-dist/tex/latex/base/utf8.def) [12]
(/usr/share/texlive/texmf-dist/tex/latex/base/utf8.def) (./Rd2.ind [13]

LaTeX Font Warning: Font shape `T1/zi4/m/it' undefined
(Font)              using `T1/zi4/m/n' instead on input line 16.

[14]) (./Rd2.aux)

LaTeX Font Warning: Some font shapes were not available, defaults substituted.

 )
(see the transcript file for additional information){/usr/share/texlive/texmf-d
ist/fonts/enc/dvips/inconsolata/i4-ts1.enc}{/usr/share/texlive/texmf-dist/fonts
/enc/dvips/base/8r.enc}{/usr/share/texlive/texmf-dist/fonts/enc/dvips/inconsola
ta/i4-t1-0.enc}</usr/share/texlive/texmf-dist/fonts/type1/public/inconsolata/In
consolata-zi4r.pfb></usr/share/texlive/texmf-dist/fonts/type1/public/amsfonts/c
m/cmex10.pfb></usr/share/texlive/texmf-dist/fonts/type1/public/amsfonts/cm/cmmi
10.pfb></usr/share/texlive/texmf-dist/fonts/type1/public/amsfonts/cm/cmmi7.pfb>
</usr/share/texlive/texmf-dist/fonts/type1/public/amsfonts/cm/cmr10.pfb></usr/s
hare/texlive/texmf-dist/fonts/type1/public/amsfonts/cm/cmr7.pfb></usr/share/tex
live/texmf-dist/fonts/type1/public/amsfonts/cm/cmsy10.pfb></usr/share/texlive/t
exmf-dist/fonts/type1/urw/helvetic/uhvr8a.pfb></usr/share/texlive/texmf-dist/fo
nts/type1/urw/times/utmb8a.pfb></usr/share/texlive/texmf-dist/fonts/type1/urw/t
imes/utmr8a.pfb></usr/share/texlive/texmf-dist/fonts/type1/urw/times/utmr8a.pfb
></usr/share/texlive/texmf-dist/fonts/type1/urw/times/utmri8a.pfb>
Output written on Rd2.pdf (14 pages, 183529 bytes).
Transcript written on Rd2.log.
Saving output to 'BayesBinMix-manual.pdf' ...
Done
You may want to clean up by 'rm -rf /tmp/Rtmp9TVWi6/Rd2pdf24bba45e9fb'
